{"meta": {"format": 3, "version": "7.13.4", "timestamp": "2026-03-03T03:23:06.432604", "branch_coverage": false, "show_contexts": false}, "files": {"src/__init__.py": {"executed_lines": [7], "summary": {"covered_lines": 1, "num_statements": 1, "percent_covered": 100.0, "percent_covered_display": "100", "missing_lines": 0, "excluded_lines": 0, "percent_statements_covered": 100.0, "percent_statements_covered_display": "100"}, "missing_lines": [], "excluded_lines": [], "functions": {"": {"executed_lines": [7], "summary": {"covered_lines": 1, "num_statements": 1, "percent_covered": 100.0, "percent_covered_display": "100", "missing_lines": 0, "excluded_lines": 0, "percent_statements_covered": 100.0, "percent_statements_covered_display": "100"}, "missing_lines": [], "excluded_lines": [], "start_line": 1}}, "classes": {"": {"executed_lines": [7], "summary": {"covered_lines": 1, "num_statements": 1, "percent_covered": 100.0, "percent_covered_display": "100", "missing_lines": 0, "excluded_lines": 0, "percent_statements_covered": 100.0, "percent_statements_covered_display": "100"}, "missing_lines": [], "excluded_lines": [], "start_line": 1}}}, "src/coefficient_enhancer.py": {"executed_lines": [9, 10, 13, 24, 37, 38, 44, 45, 46, 51, 52, 53, 56, 57, 59, 73, 76, 77, 80, 81, 82, 85, 91, 93, 102, 103, 104, 106, 115, 116, 118, 119, 120, 122, 124, 142, 143, 147, 148, 153, 156, 157, 158, 159, 165], "summary": {"covered_lines": 45, "num_statements": 46, "percent_covered": 97.82608695652173, "percent_covered_display": "98", "missing_lines": 1, "excluded_lines": 0, "percent_statements_covered": 97.82608695652173, "percent_statements_covered_display": "98"}, "missing_lines": [86], "excluded_lines": [], "functions": {"CoefficientEnhancer.__init__": {"executed_lines": [37, 38, 44, 45, 46, 51, 52, 53, 56, 57], "summary": {"covered_lines": 10, "num_statements": 10, "percent_covered": 100.0, "percent_covered_display": "100", "missing_lines": 0, "excluded_lines": 0, "percent_statements_covered": 100.0, "percent_statements_covered_display": "100"}, "missing_lines": [], "excluded_lines": [], "start_line": 24}, "CoefficientEnhancer._calculate_u_n": {"executed_lines": [73, 76, 77, 80, 81, 82, 85, 91], "summary": {"covered_lines": 8, "num_statements": 9, "percent_covered": 88.88888888888889, "percent_covered_display": "89", "missing_lines": 1, "excluded_lines": 0, "percent_statements_covered": 88.88888888888889, "percent_statements_covered_display": "89"}, "missing_lines": [86], "excluded_lines": [], "start_line": 59}, "CoefficientEnhancer._calculate_a2": {"executed_lines": [102, 103, 104], "summary": {"covered_lines": 3, "num_statements": 3, "percent_covered": 100.0, "percent_covered_display": "100", "missing_lines": 0, "excluded_lines": 0, "percent_statements_covered": 100.0, "percent_statements_covered_display": "100"}, "missing_lines": [], "excluded_lines": [], "start_line": 93}, "CoefficientEnhancer._calculate_a3": {"executed_lines": [115, 116, 118, 119, 120, 122], "summary": {"covered_lines": 6, "num_statements": 6, "percent_covered": 100.0, "percent_covered_display": "100", "missing_lines": 0, "excluded_lines": 0, "percent_statements_covered": 100.0, "percent_statements_covered_display": "100"}, "missing_lines": [], "excluded_lines": [], "start_line": 106}, "CoefficientEnhancer.enhance": {"executed_lines": [142, 143, 147, 148, 153, 156, 157, 158, 159, 165], "summary": {"covered_lines": 10, "num_statements": 10, "percent_covered": 100.0, "percent_covered_display": "100", "missing_lines": 0, "excluded_lines": 0, "percent_statements_covered": 100.0, "percent_statements_covered_display": "100"}, "missing_lines": [], "excluded_lines": [], "start_line": 124}, "": {"executed_lines": [9, 10, 13, 24, 59, 93, 106, 124], "summary": {"covered_lines": 8, "num_statements": 8, "percent_covered": 100.0, "percent_covered_display": "100", "missing_lines": 0, "excluded_lines": 0, "percent_statements_covered": 100.0, "percent_statements_covered_display": "100"}, "missing_lines": [], "excluded_lines": [], "start_line": 1}}, "classes": {"CoefficientEnhancer": {"executed_lines": [37, 38, 44, 45, 46, 51, 52, 53, 56, 57, 73, 76, 77, 80, 81, 82, 85, 91, 102, 103, 104, 115, 116, 118, 119, 120, 122, 142, 143, 147, 148, 153, 156, 157, 158, 159, 165], "summary": {"covered_lines": 37, "num_statements": 38, "percent_covered": 97.36842105263158, "percent_covered_display": "97", "missing_lines": 1, "excluded_lines": 0, "percent_statements_covered": 97.36842105263158, "percent_statements_covered_display": "97"}, "missing_lines": [86], "excluded_lines": [], "start_line": 13}, "": {"executed_lines": [9, 10, 13, 24, 59, 93, 106, 124], "summary": {"covered_lines": 8, "num_statements": 8, "percent_covered": 100.0, "percent_covered_display": "100", "missing_lines": 0, "excluded_lines": 0, "percent_statements_covered": 100.0, "percent_statements_covered_display": "100"}, "missing_lines": [], "excluded_lines": [], "start_line": 1}}}, "src/data_models.py": {"executed_lines": [3, 4, 5, 8, 9, 11, 12, 13, 14, 17, 18, 20, 21, 22, 23, 25, 31, 32, 36, 37, 41, 42, 48, 49, 51, 52, 53, 54, 55, 56, 59, 60, 62, 63, 64, 65, 66, 67], "summary": {"covered_lines": 38, "num_statements": 38, "percent_covered": 100.0, "percent_covered_display": "100", "missing_lines": 0, "excluded_lines": 0, "percent_statements_covered": 100.0, "percent_statements_covered_display": "100"}, "missing_lines": [], "excluded_lines": [], "functions": {"ProcessingConfig.validate": {"executed_lines": [31, 32, 36, 37, 41, 42], "summary": {"covered_lines": 6, "num_statements": 6, "percent_covered": 100.0, "percent_covered_display": "100", "missing_lines": 0, "excluded_lines": 0, "percent_statements_covered": 100.0, "percent_statements_covered_display": "100"}, "missing_lines": [], "excluded_lines": [], "start_line": 25}, "": {"executed_lines": [3, 4, 5, 8, 9, 11, 12, 13, 14, 17, 18, 20, 21, 22, 23, 25, 48, 49, 51, 52, 53, 54, 55, 56, 59, 60, 62, 63, 64, 65, 66, 67], "summary": {"covered_lines": 32, "num_statements": 32, "percent_covered": 100.0, "percent_covered_display": "100", "missing_lines": 0, "excluded_lines": 0, "percent_statements_covered": 100.0, "percent_statements_covered_display": "100"}, "missing_lines": [], "excluded_lines": [], "start_line": 1}}, "classes": {"ImagePair": {"executed_lines": [], "summary": {"covered_lines": 0, "num_statements": 0, "percent_covered": 100.0, "percent_covered_display": "100", "missing_lines": 0, "excluded_lines": 0, "percent_statements_covered": 100.0, "percent_statements_covered_display": "100"}, "missing_lines": [], "excluded_lines": [], "start_line": 9}, "ProcessingConfig": {"executed_lines": [31, 32, 36, 37, 41, 42], "summary": {"covered_lines": 6, "num_statements": 6, "percent_covered": 100.0, "percent_covered_display": "100", "missing_lines": 0, "excluded_lines": 0, "percent_statements_covered": 100.0, "percent_statements_covered_display": "100"}, "missing_lines": [], "excluded_lines": [], "start_line": 18}, "ProcessingResult": {"executed_lines": [], "summary": {"covered_lines": 0, "num_statements": 0, "percent_covered": 100.0, "percent_covered_display": "100", "missing_lines": 0, "excluded_lines": 0, "percent_statements_covered": 100.0, "percent_statements_covered_display": "100"}, "missing_lines": [], "excluded_lines": [], "start_line": 49}, "TestResult": {"executed_lines": [], "summary": {"covered_lines": 0, "num_statements": 0, "percent_covered": 100.0, "percent_covered_display": "100", "missing_lines": 0, "excluded_lines": 0, "percent_statements_covered": 100.0, "percent_statements_covered_display": "100"}, "missing_lines": [], "excluded_lines": [], "start_line": 60}, "": {"executed_lines": [3, 4, 5, 8, 9, 11, 12, 13, 14, 17, 18, 20, 21, 22, 23, 25, 48, 49, 51, 52, 53, 54, 55, 56, 59, 60, 62, 63, 64, 65, 66, 67], "summary": {"covered_lines": 32, "num_statements": 32, "percent_covered": 100.0, "percent_covered_display": "100", "missing_lines": 0, "excluded_lines": 0, "percent_statements_covered": 100.0, "percent_statements_covered_display": "100"}, "missing_lines": [], "excluded_lines": [], "start_line": 1}}}, "src/dataset_loader.py": {"executed_lines": [3, 4, 5, 6, 7, 9, 10, 13, 16, 18, 34, 35, 39, 40, 44, 46, 47, 49, 54, 55, 57, 61, 63, 64, 66, 71, 72, 74, 78, 85, 100, 101, 106, 107, 128, 142, 143, 146, 147, 149, 150, 154, 155, 160, 162, 165, 168, 169, 170, 171, 172, 178, 180, 194, 195, 197, 199, 200, 205, 207, 208, 209, 210, 213, 215, 218, 221, 223, 225, 226, 227, 228, 229, 234, 236, 250, 251, 253, 254, 256, 257, 261, 262, 267, 270, 271, 276, 277, 278, 280, 281, 282, 283, 284, 289, 291, 306, 307, 309, 311, 312, 317, 319, 321, 322, 326, 327, 328, 329, 330, 335], "summary": {"covered_lines": 111, "num_statements": 140, "percent_covered": 79.28571428571429, "percent_covered_display": "79", "missing_lines": 29, "excluded_lines": 0, "percent_statements_covered": 79.28571428571429, "percent_statements_covered_display": "79"}, "missing_lines": [50, 56, 67, 73, 112, 113, 114, 115, 116, 117, 118, 119, 120, 121, 122, 123, 124, 173, 175, 176, 230, 231, 232, 285, 286, 287, 331, 332, 333], "excluded_lines": [], "functions": {"DatasetLoader.load_image_pair": {"executed_lines": [34, 35, 39, 40, 44, 46, 47, 49, 54, 55, 57, 61, 63, 64, 66, 71, 72, 74, 78], "summary": {"covered_lines": 19, "num_statements": 23, "percent_covered": 82.6086956521739, "percent_covered_display": "83", "missing_lines": 4, "excluded_lines": 0, "percent_statements_covered": 82.6086956521739, "percent_statements_covered_display": "83"}, "missing_lines": [50, 56, 67, 73], "excluded_lines": [], "start_line": 18}, "DatasetLoader.load_dataset": {"executed_lines": [100, 101, 106, 107], "summary": {"covered_lines": 4, "num_statements": 17, "percent_covered": 23.529411764705884, "percent_covered_display": "24", "missing_lines": 13, "excluded_lines": 0, "percent_statements_covered": 23.529411764705884, "percent_statements_covered_display": "24"}, "missing_lines": [112, 113, 114, 115, 116, 117, 118, 119, 120, 121, 122, 123, 124], "excluded_lines": [], "start_line": 85}, "DatasetLoader.load_csiq_dataset": {"executed_lines": [142, 143, 146, 147, 149, 150, 154, 155, 160, 162, 165, 168, 169, 170, 171, 172, 178], "summary": {"covered_lines": 17, "num_statements": 20, "percent_covered": 85.0, "percent_covered_display": "85", "missing_lines": 3, "excluded_lines": 0, "percent_statements_covered": 85.0, "percent_statements_covered_display": "85"}, "missing_lines": [173, 175, 176], "excluded_lines": [], "start_line": 128}, "DatasetLoader.load_live_dataset": {"executed_lines": [194, 195, 197, 199, 200, 205, 207, 208, 209, 210, 213, 215, 218, 221, 223, 225, 226, 227, 228, 229, 234], "summary": {"covered_lines": 21, "num_statements": 24, "percent_covered": 87.5, "percent_covered_display": "88", "missing_lines": 3, "excluded_lines": 0, "percent_statements_covered": 87.5, "percent_statements_covered_display": "88"}, "missing_lines": [230, 231, 232], "excluded_lines": [], "start_line": 180}, "DatasetLoader.load_tid2013_dataset": {"executed_lines": [250, 251, 253, 254, 256, 257, 261, 262, 267, 270, 271, 276, 277, 278, 280, 281, 282, 283, 284, 289], "summary": {"covered_lines": 20, "num_statements": 23, "percent_covered": 86.95652173913044, "percent_covered_display": "87", "missing_lines": 3, "excluded_lines": 0, "percent_statements_covered": 86.95652173913044, "percent_statements_covered_display": "87"}, "missing_lines": [285, 286, 287], "excluded_lines": [], "start_line": 236}, "DatasetLoader.load_kadid10k_dataset": {"executed_lines": [306, 307, 309, 311, 312, 317, 319, 321, 322, 326, 327, 328, 329, 330, 335], "summary": {"covered_lines": 15, "num_statements": 18, "percent_covered": 83.33333333333333, "percent_covered_display": "83", "missing_lines": 3, "excluded_lines": 0, "percent_statements_covered": 83.33333333333333, "percent_statements_covered_display": "83"}, "missing_lines": [331, 332, 333], "excluded_lines": [], "start_line": 291}, "": {"executed_lines": [3, 4, 5, 6, 7, 9, 10, 13, 16, 18, 85, 128, 180, 236, 291], "summary": {"covered_lines": 15, "num_statements": 15, "percent_covered": 100.0, "percent_covered_display": "100", "missing_lines": 0, "excluded_lines": 0, "percent_statements_covered": 100.0, "percent_statements_covered_display": "100"}, "missing_lines": [], "excluded_lines": [], "start_line": 1}}, "classes": {"DatasetLoader": {"executed_lines": [34, 35, 39, 40, 44, 46, 47, 49, 54, 55, 57, 61, 63, 64, 66, 71, 72, 74, 78, 100, 101, 106, 107, 142, 143, 146, 147, 149, 150, 154, 155, 160, 162, 165, 168, 169, 170, 171, 172, 178, 194, 195, 197, 199, 200, 205, 207, 208, 209, 210, 213, 215, 218, 221, 223, 225, 226, 227, 228, 229, 234, 250, 251, 253, 254, 256, 257, 261, 262, 267, 270, 271, 276, 277, 278, 280, 281, 282, 283, 284, 289, 306, 307, 309, 311, 312, 317, 319, 321, 322, 326, 327, 328, 329, 330, 335], "summary": {"covered_lines": 96, "num_statements": 125, "percent_covered": 76.8, "percent_covered_display": "77", "missing_lines": 29, "excluded_lines": 0, "percent_statements_covered": 76.8, "percent_statements_covered_display": "77"}, "missing_lines": [50, 56, 67, 73, 112, 113, 114, 115, 116, 117, 118, 119, 120, 121, 122, 123, 124, 173, 175, 176, 230, 231, 232, 285, 286, 287, 331, 332, 333], "excluded_lines": [], "start_line": 13}, "": {"executed_lines": [3, 4, 5, 6, 7, 9, 10, 13, 16, 18, 85, 128, 180, 236, 291], "summary": {"covered_lines": 15, "num_statements": 15, "percent_covered": 100.0, "percent_covered_display": "100", "missing_lines": 0, "excluded_lines": 0, "percent_statements_covered": 100.0, "percent_statements_covered_display": "100"}, "missing_lines": [], "excluded_lines": [], "start_line": 1}}}, "src/edge_extractor.py": {"executed_lines": [3, 4, 7, 10, 30, 31, 35, 40, 41, 45, 50, 51, 57, 58, 59, 60, 65, 66, 67, 68, 74, 75, 78, 81, 91], "summary": {"covered_lines": 25, "num_statements": 30, "percent_covered": 83.33333333333333, "percent_covered_display": "83", "missing_lines": 5, "excluded_lines": 0, "percent_statements_covered": 83.33333333333333, "percent_statements_covered_display": "83"}, "missing_lines": [36, 46, 82, 83, 84], "excluded_lines": [], "functions": {"EdgeExtractor.extract": {"executed_lines": [30, 31, 35, 40, 41, 45, 50, 51, 57, 58, 59, 60, 65, 66, 67, 68, 74, 75, 78, 81, 91], "summary": {"covered_lines": 21, "num_statements": 26, "percent_covered": 80.76923076923077, "percent_covered_display": "81", "missing_lines": 5, "excluded_lines": 0, "percent_statements_covered": 80.76923076923077, "percent_statements_covered_display": "81"}, "missing_lines": [36, 46, 82, 83, 84], "excluded_lines": [], "start_line": 10}, "": {"executed_lines": [3, 4, 7, 10], "summary": {"covered_lines": 4, "num_statements": 4, "percent_covered": 100.0, "percent_covered_display": "100", "missing_lines": 0, "excluded_lines": 0, "percent_statements_covered": 100.0, "percent_statements_covered_display": "100"}, "missing_lines": [], "excluded_lines": [], "start_line": 1}}, "classes": {"EdgeExtractor": {"executed_lines": [30, 31, 35, 40, 41, 45, 50, 51, 57, 58, 59, 60, 65, 66, 67, 68, 74, 75, 78, 81, 91], "summary": {"covered_lines": 21, "num_statements": 26, "percent_covered": 80.76923076923077, "percent_covered_display": "81", "missing_lines": 5, "excluded_lines": 0, "percent_statements_covered": 80.76923076923077, "percent_statements_covered_display": "81"}, "missing_lines": [36, 46, 82, 83, 84], "excluded_lines": [], "start_line": 7}, "": {"executed_lines": [3, 4, 7, 10], "summary": {"covered_lines": 4, "num_statements": 4, "percent_covered": 100.0, "percent_covered_display": "100", "missing_lines": 0, "excluded_lines": 0, "percent_statements_covered": 100.0, "percent_statements_covered_display": "100"}, "missing_lines": [], "excluded_lines": [], "start_line": 1}}}, "src/exceptions.py": {"executed_lines": [8, 24, 27, 44, 47, 63, 66, 83], "summary": {"covered_lines": 8, "num_statements": 8, "percent_covered": 100.0, "percent_covered_display": "100", "missing_lines": 0, "excluded_lines": 0, "percent_statements_covered": 100.0, "percent_statements_covered_display": "100"}, "missing_lines": [], "excluded_lines": [], "functions": {"": {"executed_lines": [8, 24, 27, 44, 47, 63, 66, 83], "summary": {"covered_lines": 8, "num_statements": 8, "percent_covered": 100.0, "percent_covered_display": "100", "missing_lines": 0, "excluded_lines": 0, "percent_statements_covered": 100.0, "percent_statements_covered_display": "100"}, "missing_lines": [], "excluded_lines": [], "start_line": 1}}, "classes": {"ValidationError": {"executed_lines": [], "summary": {"covered_lines": 0, "num_statements": 0, "percent_covered": 100.0, "percent_covered_display": "100", "missing_lines": 0, "excluded_lines": 0, "percent_statements_covered": 100.0, "percent_statements_covered_display": "100"}, "missing_lines": [], "excluded_lines": [], "start_line": 8}, "FileLoadError": {"executed_lines": [], "summary": {"covered_lines": 0, "num_statements": 0, "percent_covered": 100.0, "percent_covered_display": "100", "missing_lines": 0, "excluded_lines": 0, "percent_statements_covered": 100.0, "percent_statements_covered_display": "100"}, "missing_lines": [], "excluded_lines": [], "start_line": 27}, "ProcessingError": {"executed_lines": [], "summary": {"covered_lines": 0, "num_statements": 0, "percent_covered": 100.0, "percent_covered_display": "100", "missing_lines": 0, "excluded_lines": 0, "percent_statements_covered": 100.0, "percent_statements_covered_display": "100"}, "missing_lines": [], "excluded_lines": [], "start_line": 47}, "NumericalError": {"executed_lines": [], "summary": {"covered_lines": 0, "num_statements": 0, "percent_covered": 100.0, "percent_covered_display": "100", "missing_lines": 0, "excluded_lines": 0, "percent_statements_covered": 100.0, "percent_statements_covered_display": "100"}, "missing_lines": [], "excluded_lines": [], "start_line": 66}, "": {"executed_lines": [8, 24, 27, 44, 47, 63, 66, 83], "summary": {"covered_lines": 8, "num_statements": 8, "percent_covered": 100.0, "percent_covered_display": "100", "missing_lines": 0, "excluded_lines": 0, "percent_statements_covered": 100.0, "percent_statements_covered_display": "100"}, "missing_lines": [], "excluded_lines": [], "start_line": 1}}}, "src/gaussian_filter.py": {"executed_lines": [3, 4, 5, 8, 11, 21, 22, 27, 29, 30, 36, 49, 50, 53, 54, 55, 58, 59, 60, 63, 70, 71, 77, 79, 81, 91, 93, 94, 96, 97, 98, 99, 101], "summary": {"covered_lines": 33, "num_statements": 37, "percent_covered": 89.1891891891892, "percent_covered_display": "89", "missing_lines": 4, "excluded_lines": 0, "percent_statements_covered": 89.1891891891892, "percent_statements_covered_display": "89"}, "missing_lines": [31, 32, 64, 72], "excluded_lines": [], "functions": {"GaussianFilter.__init__": {"executed_lines": [21, 22, 27, 29, 30], "summary": {"covered_lines": 5, "num_statements": 7, "percent_covered": 71.42857142857143, "percent_covered_display": "71", "missing_lines": 2, "excluded_lines": 0, "percent_statements_covered": 71.42857142857143, "percent_statements_covered_display": "71"}, "missing_lines": [31, 32], "excluded_lines": [], "start_line": 11}, "GaussianFilter._create_kernel": {"executed_lines": [49, 50, 53, 54, 55, 58, 59, 60, 63, 70, 71, 77, 79], "summary": {"covered_lines": 13, "num_statements": 15, "percent_covered": 86.66666666666667, "percent_covered_display": "87", "missing_lines": 2, "excluded_lines": 0, "percent_statements_covered": 86.66666666666667, "percent_statements_covered_display": "87"}, "missing_lines": [64, 72], "excluded_lines": [], "start_line": 36}, "GaussianFilter.apply": {"executed_lines": [91, 93, 94, 96, 97, 98, 99, 101], "summary": {"covered_lines": 8, "num_statements": 8, "percent_covered": 100.0, "percent_covered_display": "100", "missing_lines": 0, "excluded_lines": 0, "percent_statements_covered": 100.0, "percent_statements_covered_display": "100"}, "missing_lines": [], "excluded_lines": [], "start_line": 81}, "": {"executed_lines": [3, 4, 5, 8, 11, 36, 81], "summary": {"covered_lines": 7, "num_statements": 7, "percent_covered": 100.0, "percent_covered_display": "100", "missing_lines": 0, "excluded_lines": 0, "percent_statements_covered": 100.0, "percent_statements_covered_display": "100"}, "missing_lines": [], "excluded_lines": [], "start_line": 1}}, "classes": {"GaussianFilter": {"executed_lines": [21, 22, 27, 29, 30, 49, 50, 53, 54, 55, 58, 59, 60, 63, 70, 71, 77, 79, 91, 93, 94, 96, 97, 98, 99, 101], "summary": {"covered_lines": 26, "num_statements": 30, "percent_covered": 86.66666666666667, "percent_covered_display": "87", "missing_lines": 4, "excluded_lines": 0, "percent_statements_covered": 86.66666666666667, "percent_statements_covered_display": "87"}, "missing_lines": [31, 32, 64, 72], "excluded_lines": [], "start_line": 8}, "": {"executed_lines": [3, 4, 5, 8, 11, 36, 81], "summary": {"covered_lines": 7, "num_statements": 7, "percent_covered": 100.0, "percent_covered_display": "100", "missing_lines": 0, "excluded_lines": 0, "percent_statements_covered": 100.0, "percent_statements_covered_display": "100"}, "missing_lines": [], "excluded_lines": [], "start_line": 1}}}, "src/image_combiner.py": {"executed_lines": [8, 9, 12, 23, 39, 40, 44, 49, 50, 54, 59, 60, 66, 67, 68, 69, 74, 75, 76, 77, 83, 84, 87, 90, 101, 104], "summary": {"covered_lines": 26, "num_statements": 31, "percent_covered": 83.87096774193549, "percent_covered_display": "84", "missing_lines": 5, "excluded_lines": 0, "percent_statements_covered": 83.87096774193549, "percent_statements_covered_display": "84"}, "missing_lines": [45, 55, 91, 92, 93], "excluded_lines": [], "functions": {"ImageCombiner.combine": {"executed_lines": [39, 40, 44, 49, 50, 54, 59, 60, 66, 67, 68, 69, 74, 75, 76, 77, 83, 84, 87, 90, 101, 104], "summary": {"covered_lines": 22, "num_statements": 27, "percent_covered": 81.48148148148148, "percent_covered_display": "81", "missing_lines": 5, "excluded_lines": 0, "percent_statements_covered": 81.48148148148148, "percent_statements_covered_display": "81"}, "missing_lines": [45, 55, 91, 92, 93], "excluded_lines": [], "start_line": 23}, "": {"executed_lines": [8, 9, 12, 23], "summary": {"covered_lines": 4, "num_statements": 4, "percent_covered": 100.0, "percent_covered_display": "100", "missing_lines": 0, "excluded_lines": 0, "percent_statements_covered": 100.0, "percent_statements_covered_display": "100"}, "missing_lines": [], "excluded_lines": [], "start_line": 1}}, "classes": {"ImageCombiner": {"executed_lines": [39, 40, 44, 49, 50, 54, 59, 60, 66, 67, 68, 69, 74, 75, 76, 77, 83, 84, 87, 90, 101, 104], "summary": {"covered_lines": 22, "num_statements": 27, "percent_covered": 81.48148148148148, "percent_covered_display": "81", "missing_lines": 5, "excluded_lines": 0, "percent_statements_covered": 81.48148148148148, "percent_statements_covered_display": "81"}, "missing_lines": [45, 55, 91, 92, 93], "excluded_lines": [], "start_line": 12}, "": {"executed_lines": [8, 9, 12, 23], "summary": {"covered_lines": 4, "num_statements": 4, "percent_covered": 100.0, "percent_covered_display": "100", "missing_lines": 0, "excluded_lines": 0, "percent_statements_covered": 100.0, "percent_statements_covered_display": "100"}, "missing_lines": [], "excluded_lines": [], "start_line": 1}}}, "src/image_processor.py": {"executed_lines": [8, 9, 10, 12, 13, 14, 15, 16, 17, 20, 34, 49, 50, 55, 56, 61, 62, 67, 83, 84, 89, 94, 99, 132, 133, 135, 137, 138, 141, 142, 145, 146, 147, 148, 149, 154, 155, 156, 157, 158, 159, 160, 163, 164, 169, 170, 171, 172, 173, 174, 175, 178, 179, 180, 181, 182, 187, 188, 189, 190, 195, 197, 206, 208, 213, 237, 238, 243, 244, 250, 251, 252, 253, 255, 261, 264, 265, 266, 267, 272, 273, 280, 281, 288, 289, 297, 298, 305, 306, 307, 309, 311, 339], "summary": {"covered_lines": 93, "num_statements": 109, "percent_covered": 85.3211009174312, "percent_covered_display": "85", "missing_lines": 16, "excluded_lines": 0, "percent_statements_covered": 85.3211009174312, "percent_statements_covered_display": "85"}, "missing_lines": [90, 95, 150, 151, 183, 184, 191, 192, 209, 211, 274, 275, 282, 283, 290, 291], "excluded_lines": [], "functions": {"ImageProcessor.validate_config": {"executed_lines": [49, 50, 55, 56, 61, 62], "summary": {"covered_lines": 6, "num_statements": 6, "percent_covered": 100.0, "percent_covered_display": "100", "missing_lines": 0, "excluded_lines": 0, "percent_statements_covered": 100.0, "percent_statements_covered_display": "100"}, "missing_lines": [], "excluded_lines": [], "start_line": 34}, "ImageProcessor._validate_images": {"executed_lines": [83, 84, 89, 94], "summary": {"covered_lines": 4, "num_statements": 6, "percent_covered": 66.66666666666667, "percent_covered_display": "67", "missing_lines": 2, "excluded_lines": 0, "percent_statements_covered": 66.66666666666667, "percent_statements_covered_display": "67"}, "missing_lines": [90, 95], "excluded_lines": [], "start_line": 67}, "ImageProcessor.process": {"executed_lines": [132, 133, 135, 137, 138, 141, 142, 145, 146, 147, 148, 149, 154, 155, 156, 157, 158, 159, 160, 163, 164, 169, 170, 171, 172, 173, 174, 175, 178, 179, 180, 181, 182, 187, 188, 189, 190, 195, 197, 206, 208], "summary": {"covered_lines": 41, "num_statements": 49, "percent_covered": 83.6734693877551, "percent_covered_display": "84", "missing_lines": 8, "excluded_lines": 0, "percent_statements_covered": 83.6734693877551, "percent_statements_covered_display": "84"}, "missing_lines": [150, 151, 183, 184, 191, 192, 209, 211], "excluded_lines": [], "start_line": 99}, "ImageProcessor.parse_config": {"executed_lines": [237, 238, 243, 244, 250, 251, 252, 253, 255, 261, 264, 265, 266, 267, 272, 273, 280, 281, 288, 289, 297, 298, 305, 306, 307, 309], "summary": {"covered_lines": 26, "num_statements": 32, "percent_covered": 81.25, "percent_covered_display": "81", "missing_lines": 6, "excluded_lines": 0, "percent_statements_covered": 81.25, "percent_statements_covered_display": "81"}, "missing_lines": [274, 275, 282, 283, 290, 291], "excluded_lines": [], "start_line": 213}, "ImageProcessor.format_result": {"executed_lines": [339], "summary": {"covered_lines": 1, "num_statements": 1, "percent_covered": 100.0, "percent_covered_display": "100", "missing_lines": 0, "excluded_lines": 0, "percent_statements_covered": 100.0, "percent_statements_covered_display": "100"}, "missing_lines": [], "excluded_lines": [], "start_line": 311}, "": {"executed_lines": [8, 9, 10, 12, 13, 14, 15, 16, 17, 20, 34, 67, 99, 213, 311], "summary": {"covered_lines": 15, "num_statements": 15, "percent_covered": 100.0, "percent_covered_display": "100", "missing_lines": 0, "excluded_lines": 0, "percent_statements_covered": 100.0, "percent_statements_covered_display": "100"}, "missing_lines": [], "excluded_lines": [], "start_line": 1}}, "classes": {"ImageProcessor": {"executed_lines": [49, 50, 55, 56, 61, 62, 83, 84, 89, 94, 132, 133, 135, 137, 138, 141, 142, 145, 146, 147, 148, 149, 154, 155, 156, 157, 158, 159, 160, 163, 164, 169, 170, 171, 172, 173, 174, 175, 178, 179, 180, 181, 182, 187, 188, 189, 190, 195, 197, 206, 208, 237, 238, 243, 244, 250, 251, 252, 253, 255, 261, 264, 265, 266, 267, 272, 273, 280, 281, 288, 289, 297, 298, 305, 306, 307, 309, 339], "summary": {"covered_lines": 78, "num_statements": 94, "percent_covered": 82.97872340425532, "percent_covered_display": "83", "missing_lines": 16, "excluded_lines": 0, "percent_statements_covered": 82.97872340425532, "percent_statements_covered_display": "83"}, "missing_lines": [90, 95, 150, 151, 183, 184, 191, 192, 209, 211, 274, 275, 282, 283, 290, 291], "excluded_lines": [], "start_line": 20}, "": {"executed_lines": [8, 9, 10, 12, 13, 14, 15, 16, 17, 20, 34, 67, 99, 213, 311], "summary": {"covered_lines": 15, "num_statements": 15, "percent_covered": 100.0, "percent_covered_display": "100", "missing_lines": 0, "excluded_lines": 0, "percent_statements_covered": 100.0, "percent_statements_covered_display": "100"}, "missing_lines": [], "excluded_lines": [], "start_line": 1}}}, "src/metrics_calculator.py": {"executed_lines": [8, 9, 12, 20, 39, 44, 49, 51, 52, 54, 55, 56, 57, 60, 68, 70, 75, 97, 102, 107, 108, 114, 115, 116, 117, 122, 131, 132, 135, 136, 139, 140, 143, 144, 147, 148, 150, 153, 160, 162, 164, 189, 194, 199, 206, 214, 215, 216, 217, 223, 224, 227, 228, 231, 232, 235, 236, 238, 239, 242, 245, 248, 255, 257], "summary": {"covered_lines": 64, "num_statements": 83, "percent_covered": 77.10843373493977, "percent_covered_display": "77", "missing_lines": 19, "excluded_lines": 0, "percent_statements_covered": 77.10843373493977, "percent_statements_covered_display": "77"}, "missing_lines": [40, 45, 61, 62, 63, 98, 103, 123, 124, 125, 154, 190, 195, 200, 207, 208, 209, 243, 249], "excluded_lines": [], "functions": {"MetricsCalculator._to_grayscale": {"executed_lines": [39, 44, 49, 51, 52, 54, 55, 56, 57, 60, 68, 70], "summary": {"covered_lines": 12, "num_statements": 17, "percent_covered": 70.58823529411765, "percent_covered_display": "71", "missing_lines": 5, "excluded_lines": 0, "percent_statements_covered": 70.58823529411765, "percent_statements_covered_display": "71"}, "missing_lines": [40, 45, 61, 62, 63], "excluded_lines": [], "start_line": 20}, "MetricsCalculator.calculate_plcc": {"executed_lines": [97, 102, 107, 108, 114, 115, 116, 117, 122, 131, 132, 135, 136, 139, 140, 143, 144, 147, 148, 150, 153, 160, 162], "summary": {"covered_lines": 23, "num_statements": 29, "percent_covered": 79.3103448275862, "percent_covered_display": "79", "missing_lines": 6, "excluded_lines": 0, "percent_statements_covered": 79.3103448275862, "percent_statements_covered_display": "79"}, "missing_lines": [98, 103, 123, 124, 125, 154], "excluded_lines": [], "start_line": 75}, "MetricsCalculator.calculate_srocc": {"executed_lines": [189, 194, 199, 206, 214, 215, 216, 217, 223, 224, 227, 228, 231, 232, 235, 236, 238, 239, 242, 245, 248, 255, 257], "summary": {"covered_lines": 23, "num_statements": 31, "percent_covered": 74.19354838709677, "percent_covered_display": "74", "missing_lines": 8, "excluded_lines": 0, "percent_statements_covered": 74.19354838709677, "percent_statements_covered_display": "74"}, "missing_lines": [190, 195, 200, 207, 208, 209, 243, 249], "excluded_lines": [], "start_line": 164}, "": {"executed_lines": [8, 9, 12, 20, 75, 164], "summary": {"covered_lines": 6, "num_statements": 6, "percent_covered": 100.0, "percent_covered_display": "100", "missing_lines": 0, "excluded_lines": 0, "percent_statements_covered": 100.0, "percent_statements_covered_display": "100"}, "missing_lines": [], "excluded_lines": [], "start_line": 1}}, "classes": {"MetricsCalculator": {"executed_lines": [39, 44, 49, 51, 52, 54, 55, 56, 57, 60, 68, 70, 97, 102, 107, 108, 114, 115, 116, 117, 122, 131, 132, 135, 136, 139, 140, 143, 144, 147, 148, 150, 153, 160, 162, 189, 194, 199, 206, 214, 215, 216, 217, 223, 224, 227, 228, 231, 232, 235, 236, 238, 239, 242, 245, 248, 255, 257], "summary": {"covered_lines": 58, "num_statements": 77, "percent_covered": 75.32467532467533, "percent_covered_display": "75", "missing_lines": 19, "excluded_lines": 0, "percent_statements_covered": 75.32467532467533, "percent_statements_covered_display": "75"}, "missing_lines": [40, 45, 61, 62, 63, 98, 103, 123, 124, 125, 154, 190, 195, 200, 207, 208, 209, 243, 249], "excluded_lines": [], "start_line": 12}, "": {"executed_lines": [8, 9, 12, 20, 75, 164], "summary": {"covered_lines": 6, "num_statements": 6, "percent_covered": 100.0, "percent_covered_display": "100", "missing_lines": 0, "excluded_lines": 0, "percent_statements_covered": 100.0, "percent_statements_covered_display": "100"}, "missing_lines": [], "excluded_lines": [], "start_line": 1}}}, "src/parameter_tester.py": {"executed_lines": [9, 10, 11, 13, 14, 15, 19, 22, 31, 33, 35, 75, 80, 85, 88, 91, 92, 98, 106, 115, 116, 120, 125, 130, 131, 133, 139, 140, 141, 142, 144, 152, 155, 164, 166, 171, 173, 176, 178, 182, 184, 210, 215, 216, 218, 223, 224, 229, 230, 231, 237, 238, 244], "summary": {"covered_lines": 53, "num_statements": 67, "percent_covered": 79.1044776119403, "percent_covered_display": "79", "missing_lines": 14, "excluded_lines": 0, "percent_statements_covered": 79.1044776119403, "percent_statements_covered_display": "79"}, "missing_lines": [76, 81, 86, 89, 99, 100, 101, 107, 108, 109, 121, 126, 211, 219], "excluded_lines": [], "functions": {"ParameterTester.__init__": {"executed_lines": [33], "summary": {"covered_lines": 1, "num_statements": 1, "percent_covered": 100.0, "percent_covered_display": "100", "missing_lines": 0, "excluded_lines": 0, "percent_statements_covered": 100.0, "percent_statements_covered_display": "100"}, "missing_lines": [], "excluded_lines": [], "start_line": 31}, "ParameterTester.test_parameters": {"executed_lines": [75, 80, 85, 88, 91, 92, 98, 106, 115, 116, 120, 125, 130, 131, 133, 139, 140, 141, 142, 144, 152, 155, 164, 166, 171, 173, 176, 178, 182], "summary": {"covered_lines": 29, "num_statements": 41, "percent_covered": 70.73170731707317, "percent_covered_display": "71", "missing_lines": 12, "excluded_lines": 0, "percent_statements_covered": 70.73170731707317, "percent_statements_covered_display": "71"}, "missing_lines": [76, 81, 86, 89, 99, 100, 101, 107, 108, 109, 121, 126], "excluded_lines": [], "start_line": 35}, "ParameterTester.find_optimal": {"executed_lines": [210, 215, 216, 218, 223, 224, 229, 230, 231, 237, 238, 244], "summary": {"covered_lines": 12, "num_statements": 14, "percent_covered": 85.71428571428571, "percent_covered_display": "86", "missing_lines": 2, "excluded_lines": 0, "percent_statements_covered": 85.71428571428571, "percent_statements_covered_display": "86"}, "missing_lines": [211, 219], "excluded_lines": [], "start_line": 184}, "": {"executed_lines": [9, 10, 11, 13, 14, 15, 19, 22, 31, 35, 184], "summary": {"covered_lines": 11, "num_statements": 11, "percent_covered": 100.0, "percent_covered_display": "100", "missing_lines": 0, "excluded_lines": 0, "percent_statements_covered": 100.0, "percent_statements_covered_display": "100"}, "missing_lines": [], "excluded_lines": [], "start_line": 1}}, "classes": {"ParameterTester": {"executed_lines": [33, 75, 80, 85, 88, 91, 92, 98, 106, 115, 116, 120, 125, 130, 131, 133, 139, 140, 141, 142, 144, 152, 155, 164, 166, 171, 173, 176, 178, 182, 210, 215, 216, 218, 223, 224, 229, 230, 231, 237, 238, 244], "summary": {"covered_lines": 42, "num_statements": 56, "percent_covered": 75.0, "percent_covered_display": "75", "missing_lines": 14, "excluded_lines": 0, "percent_statements_covered": 75.0, "percent_statements_covered_display": "75"}, "missing_lines": [76, 81, 86, 89, 99, 100, 101, 107, 108, 109, 121, 126, 211, 219], "excluded_lines": [], "start_line": 22}, "": {"executed_lines": [9, 10, 11, 13, 14, 15, 19, 22, 31, 35, 184], "summary": {"covered_lines": 11, "num_statements": 11, "percent_covered": 100.0, "percent_covered_display": "100", "missing_lines": 0, "excluded_lines": 0, "percent_statements_covered": 100.0, "percent_statements_covered_display": "100"}, "missing_lines": [], "excluded_lines": [], "start_line": 1}}}, "src/result_comparator.py": {"executed_lines": [3, 4, 5, 6, 7, 10, 13, 40, 45, 50, 51, 53, 59, 60, 61, 62, 68, 69, 74, 79, 85, 93, 95, 102, 103, 106, 107, 108, 110, 112, 119, 120, 121, 126, 127, 130, 133, 134, 138, 139, 142, 143, 149, 152, 156, 162, 163, 173, 174, 175, 176, 180, 196, 201, 202, 205, 206, 212, 215, 216, 217, 218, 219, 222, 223, 224, 226, 228, 233, 236, 239, 240, 242, 256, 261, 266, 272, 280, 282, 286, 287, 289, 290, 296, 321, 323, 324, 325, 331, 332, 338, 339, 340, 342, 343, 344, 346, 347, 350, 351, 352, 353, 354, 355, 358, 362], "summary": {"covered_lines": 106, "num_statements": 139, "percent_covered": 76.2589928057554, "percent_covered_display": "76", "missing_lines": 33, "excluded_lines": 0, "percent_statements_covered": 76.2589928057554, "percent_statements_covered_display": "76"}, "missing_lines": [41, 46, 54, 70, 75, 80, 86, 87, 88, 96, 97, 113, 114, 122, 123, 124, 144, 145, 165, 166, 167, 168, 197, 207, 257, 262, 267, 273, 274, 275, 283, 291, 292], "excluded_lines": [], "functions": {"ResultComparator.create_comparison": {"executed_lines": [40, 45, 50, 51, 53, 59, 60, 61, 62, 68, 69, 74, 79, 85, 93, 95, 102, 103, 106, 107, 108, 110, 112, 119, 120, 121, 126, 127, 130, 133, 134, 138, 139, 142, 143, 149, 152, 156, 162, 163, 173, 174, 175, 176], "summary": {"covered_lines": 44, "num_statements": 66, "percent_covered": 66.66666666666667, "percent_covered_display": "67", "missing_lines": 22, "excluded_lines": 0, "percent_statements_covered": 66.66666666666667, "percent_statements_covered_display": "67"}, "missing_lines": [41, 46, 54, 70, 75, 80, 86, 87, 88, 96, 97, 113, 114, 122, 123, 124, 144, 145, 165, 166, 167, 168], "excluded_lines": [], "start_line": 13}, "ResultComparator.generate_metrics_table": {"executed_lines": [196, 201, 202, 205, 206, 212, 215, 216, 217, 218, 219, 222, 223, 224, 226, 228, 233, 236, 239, 240], "summary": {"covered_lines": 20, "num_statements": 22, "percent_covered": 90.9090909090909, "percent_covered_display": "91", "missing_lines": 2, "excluded_lines": 0, "percent_statements_covered": 90.9090909090909, "percent_statements_covered_display": "91"}, "missing_lines": [197, 207], "excluded_lines": [], "start_line": 180}, "ResultComparator._array_to_pil": {"executed_lines": [256, 261, 266, 272, 280, 282, 286, 287, 289, 290], "summary": {"covered_lines": 10, "num_statements": 19, "percent_covered": 52.63157894736842, "percent_covered_display": "53", "missing_lines": 9, "excluded_lines": 0, "percent_statements_covered": 52.63157894736842, "percent_statements_covered_display": "53"}, "missing_lines": [257, 262, 267, 273, 274, 275, 283, 291, 292], "excluded_lines": [], "start_line": 242}, "ResultComparator._draw_label": {"executed_lines": [321, 323, 324, 325, 331, 332, 338, 339, 340, 342, 343, 344, 346, 347, 350, 351, 352, 353, 354, 355, 358, 362], "summary": {"covered_lines": 22, "num_statements": 22, "percent_covered": 100.0, "percent_covered_display": "100", "missing_lines": 0, "excluded_lines": 0, "percent_statements_covered": 100.0, "percent_statements_covered_display": "100"}, "missing_lines": [], "excluded_lines": [], "start_line": 296}, "": {"executed_lines": [3, 4, 5, 6, 7, 10, 13, 180, 242, 296], "summary": {"covered_lines": 10, "num_statements": 10, "percent_covered": 100.0, "percent_covered_display": "100", "missing_lines": 0, "excluded_lines": 0, "percent_statements_covered": 100.0, "percent_statements_covered_display": "100"}, "missing_lines": [], "excluded_lines": [], "start_line": 1}}, "classes": {"ResultComparator": {"executed_lines": [40, 45, 50, 51, 53, 59, 60, 61, 62, 68, 69, 74, 79, 85, 93, 95, 102, 103, 106, 107, 108, 110, 112, 119, 120, 121, 126, 127, 130, 133, 134, 138, 139, 142, 143, 149, 152, 156, 162, 163, 173, 174, 175, 176, 196, 201, 202, 205, 206, 212, 215, 216, 217, 218, 219, 222, 223, 224, 226, 228, 233, 236, 239, 240, 256, 261, 266, 272, 280, 282, 286, 287, 289, 290, 321, 323, 324, 325, 331, 332, 338, 339, 340, 342, 343, 344, 346, 347, 350, 351, 352, 353, 354, 355, 358, 362], "summary": {"covered_lines": 96, "num_statements": 129, "percent_covered": 74.4186046511628, "percent_covered_display": "74", "missing_lines": 33, "excluded_lines": 0, "percent_statements_covered": 74.4186046511628, "percent_statements_covered_display": "74"}, "missing_lines": [41, 46, 54, 70, 75, 80, 86, 87, 88, 96, 97, 113, 114, 122, 123, 124, 144, 145, 165, 166, 167, 168, 197, 207, 257, 262, 267, 273, 274, 275, 283, 291, 292], "excluded_lines": [], "start_line": 10}, "": {"executed_lines": [3, 4, 5, 6, 7, 10, 13, 180, 242, 296], "summary": {"covered_lines": 10, "num_statements": 10, "percent_covered": 100.0, "percent_covered_display": "100", "missing_lines": 0, "excluded_lines": 0, "percent_statements_covered": 100.0, "percent_statements_covered_display": "100"}, "missing_lines": [], "excluded_lines": [], "start_line": 1}}}}, "totals": {"covered_lines": 603, "num_statements": 729, "percent_covered": 82.71604938271605, "percent_covered_display": "83", "missing_lines": 126, "excluded_lines": 0, "percent_statements_covered": 82.71604938271605, "percent_statements_covered_display": "83"}}